  Determining projects to restore...
  All projects are up-to-date for restore.
  RSBot.FileSystem -> d:\Anti\resources\resources\Tools\RSBot-master\RSBot-master\Library\RSBot.FileSystem\bin\Debug\net8.0\RSBot.FileSystem.dll
  RSBot.NavMeshApi -> d:\Anti\resources\resources\Tools\RSBot-master\RSBot-master\Library\RSBot.NavMeshApi\bin\Debug\net8.0\RSBot.NavMeshApi.dll
d:\Anti\SilkroadAIBot\Bot\SkillController.cs(6,7): warning CS0105: The using directive for 'SecurityAPI' appeared previously in this namespace [d:\Anti\SilkroadAIBot\SilkroadAIBot.csproj]
d:\Anti\SilkroadAIBot\Bot\WorldState.cs(43,16): warning CS8618: Non-nullable event 'OnCharacterUpdated' must contain a non-null value when exiting constructor. Consider adding the 'required' modifier or declaring the event as nullable. [d:\Anti\SilkroadAIBot\SilkroadAIBot.csproj]
d:\Anti\SilkroadAIBot\Bot\WorldState.cs(43,16): warning CS8618: Non-nullable event 'OnPositionUpdated' must contain a non-null value when exiting constructor. Consider adding the 'required' modifier or declaring the event as nullable. [d:\Anti\SilkroadAIBot\SilkroadAIBot.csproj]
d:\Anti\SilkroadAIBot\Bot\WorldState.cs(43,16): warning CS8618: Non-nullable event 'OnStatsUpdated' must contain a non-null value when exiting constructor. Consider adding the 'required' modifier or declaring the event as nullable. [d:\Anti\SilkroadAIBot\SilkroadAIBot.csproj]
d:\Anti\SilkroadAIBot\Core\Proxy\ProxyManager.cs(21,44): warning CS8622: Nullability of reference types in type of parameter 'sender' of 'void ProxyManager.Listener_OnClientConnected(object sender, TcpClient client)' doesn't match the target delegate 'EventHandler<TcpClient>' (possibly because of nullability attributes). [d:\Anti\SilkroadAIBot\SilkroadAIBot.csproj]
d:\Anti\SilkroadAIBot\Core\Proxy\ProxyManager.cs(15,16): warning CS8618: Non-nullable field '_dataManager' must contain a non-null value when exiting constructor. Consider adding the 'required' modifier or declaring the field as nullable. [d:\Anti\SilkroadAIBot\SilkroadAIBot.csproj]
d:\Anti\SilkroadAIBot\Bot\WorldState.cs(75,20): warning CS8603: Possible null reference return. [d:\Anti\SilkroadAIBot\SilkroadAIBot.csproj]
d:\Anti\SilkroadAIBot\UI\MainForm.cs(41,16): warning CS8618: Non-nullable field '_tabs' must contain a non-null value when exiting constructor. Consider adding the 'required' modifier or declaring the field as nullable. [d:\Anti\SilkroadAIBot\SilkroadAIBot.csproj]
d:\Anti\SilkroadAIBot\UI\MainForm.cs(41,16): warning CS8618: Non-nullable field '_rtbLogs' must contain a non-null value when exiting constructor. Consider adding the 'required' modifier or declaring the field as nullable. [d:\Anti\SilkroadAIBot\SilkroadAIBot.csproj]
d:\Anti\SilkroadAIBot\UI\MainForm.cs(41,16): warning CS8618: Non-nullable field '_lblHp' must contain a non-null value when exiting constructor. Consider adding the 'required' modifier or declaring the field as nullable. [d:\Anti\SilkroadAIBot\SilkroadAIBot.csproj]
d:\Anti\SilkroadAIBot\UI\MainForm.cs(41,16): warning CS8618: Non-nullable field '_lblMp' must contain a non-null value when exiting constructor. Consider adding the 'required' modifier or declaring the field as nullable. [d:\Anti\SilkroadAIBot\SilkroadAIBot.csproj]
d:\Anti\SilkroadAIBot\UI\MainForm.cs(41,16): warning CS8618: Non-nullable field '_lblXp' must contain a non-null value when exiting constructor. Consider adding the 'required' modifier or declaring the field as nullable. [d:\Anti\SilkroadAIBot\SilkroadAIBot.csproj]
d:\Anti\SilkroadAIBot\UI\MainForm.cs(41,16): warning CS8618: Non-nullable field '_pbHp' must contain a non-null value when exiting constructor. Consider adding the 'required' modifier or declaring the field as nullable. [d:\Anti\SilkroadAIBot\SilkroadAIBot.csproj]
d:\Anti\SilkroadAIBot\UI\MainForm.cs(41,16): warning CS8618: Non-nullable field '_pbMp' must contain a non-null value when exiting constructor. Consider adding the 'required' modifier or declaring the field as nullable. [d:\Anti\SilkroadAIBot\SilkroadAIBot.csproj]
d:\Anti\SilkroadAIBot\UI\MainForm.cs(41,16): warning CS8618: Non-nullable field '_map' must contain a non-null value when exiting constructor. Consider adding the 'required' modifier or declaring the field as nullable. [d:\Anti\SilkroadAIBot\SilkroadAIBot.csproj]
d:\Anti\SilkroadAIBot\UI\MainForm.cs(41,16): warning CS8618: Non-nullable field '_lblSessionXp' must contain a non-null value when exiting constructor. Consider adding the 'required' modifier or declaring the field as nullable. [d:\Anti\SilkroadAIBot\SilkroadAIBot.csproj]
d:\Anti\SilkroadAIBot\UI\MainForm.cs(41,16): warning CS8618: Non-nullable field '_lblSessionGold' must contain a non-null value when exiting constructor. Consider adding the 'required' modifier or declaring the field as nullable. [d:\Anti\SilkroadAIBot\SilkroadAIBot.csproj]
d:\Anti\SilkroadAIBot\UI\MainForm.cs(41,16): warning CS8618: Non-nullable field '_lblSessionKills' must contain a non-null value when exiting constructor. Consider adding the 'required' modifier or declaring the field as nullable. [d:\Anti\SilkroadAIBot\SilkroadAIBot.csproj]
d:\Anti\SilkroadAIBot\UI\MainForm.cs(41,16): warning CS8618: Non-nullable field '_lblSessionLoot' must contain a non-null value when exiting constructor. Consider adding the 'required' modifier or declaring the field as nullable. [d:\Anti\SilkroadAIBot\SilkroadAIBot.csproj]
d:\Anti\SilkroadAIBot\UI\MainForm.cs(41,16): warning CS8618: Non-nullable field '_txtSroPath' must contain a non-null value when exiting constructor. Consider adding the 'required' modifier or declaring the field as nullable. [d:\Anti\SilkroadAIBot\SilkroadAIBot.csproj]
d:\Anti\SilkroadAIBot\UI\MainForm.cs(41,16): warning CS8618: Non-nullable field '_btnLaunchClient' must contain a non-null value when exiting constructor. Consider adding the 'required' modifier or declaring the field as nullable. [d:\Anti\SilkroadAIBot\SilkroadAIBot.csproj]
d:\Anti\SilkroadAIBot\UI\MainForm.cs(41,16): warning CS8618: Non-nullable field '_chkClientMode' must contain a non-null value when exiting constructor. Consider adding the 'required' modifier or declaring the field as nullable. [d:\Anti\SilkroadAIBot\SilkroadAIBot.csproj]
d:\Anti\SilkroadAIBot\UI\MainForm.cs(41,16): warning CS8618: Non-nullable field '_txtUsername' must contain a non-null value when exiting constructor. Consider adding the 'required' modifier or declaring the field as nullable. [d:\Anti\SilkroadAIBot\SilkroadAIBot.csproj]
d:\Anti\SilkroadAIBot\UI\MainForm.cs(41,16): warning CS8618: Non-nullable field '_txtPassword' must contain a non-null value when exiting constructor. Consider adding the 'required' modifier or declaring the field as nullable. [d:\Anti\SilkroadAIBot\SilkroadAIBot.csproj]
d:\Anti\SilkroadAIBot\UI\MainForm.cs(41,16): warning CS8618: Non-nullable field '_chkAutoLogin' must contain a non-null value when exiting constructor. Consider adding the 'required' modifier or declaring the field as nullable. [d:\Anti\SilkroadAIBot\SilkroadAIBot.csproj]
d:\Anti\SilkroadAIBot\UI\MainForm.cs(41,16): warning CS8618: Non-nullable field '_cmbServers' must contain a non-null value when exiting constructor. Consider adding the 'required' modifier or declaring the field as nullable. [d:\Anti\SilkroadAIBot\SilkroadAIBot.csproj]
d:\Anti\SilkroadAIBot\UI\MainForm.cs(41,16): warning CS8618: Non-nullable field '_cmbCharacters' must contain a non-null value when exiting constructor. Consider adding the 'required' modifier or declaring the field as nullable. [d:\Anti\SilkroadAIBot\SilkroadAIBot.csproj]
d:\Anti\SilkroadAIBot\UI\MainForm.cs(41,16): warning CS8618: Non-nullable field '_btnStartGame' must contain a non-null value when exiting constructor. Consider adding the 'required' modifier or declaring the field as nullable. [d:\Anti\SilkroadAIBot\SilkroadAIBot.csproj]
d:\Anti\SilkroadAIBot\UI\MainForm.cs(41,16): warning CS8618: Non-nullable field '_lvPacketMonitor' must contain a non-null value when exiting constructor. Consider adding the 'required' modifier or declaring the field as nullable. [d:\Anti\SilkroadAIBot\SilkroadAIBot.csproj]
d:\Anti\SilkroadAIBot\UI\MainForm.cs(41,16): warning CS8618: Non-nullable field '_agent' must contain a non-null value when exiting constructor. Consider adding the 'required' modifier or declaring the field as nullable. [d:\Anti\SilkroadAIBot\SilkroadAIBot.csproj]
d:\Anti\SilkroadAIBot\UI\MainForm.cs(41,16): warning CS8618: Non-nullable field '_bot' must contain a non-null value when exiting constructor. Consider adding the 'required' modifier or declaring the field as nullable. [d:\Anti\SilkroadAIBot\SilkroadAIBot.csproj]
d:\Anti\SilkroadAIBot\UI\MainForm.cs(41,16): warning CS8618: Non-nullable field '_worldState' must contain a non-null value when exiting constructor. Consider adding the 'required' modifier or declaring the field as nullable. [d:\Anti\SilkroadAIBot\SilkroadAIBot.csproj]
d:\Anti\SilkroadAIBot\UI\MainForm.cs(41,16): warning CS8618: Non-nullable field '_db' must contain a non-null value when exiting constructor. Consider adding the 'required' modifier or declaring the field as nullable. [d:\Anti\SilkroadAIBot\SilkroadAIBot.csproj]
d:\Anti\SilkroadAIBot\UI\MainForm.cs(41,16): warning CS8618: Non-nullable field '_dataManager' must contain a non-null value when exiting constructor. Consider adding the 'required' modifier or declaring the field as nullable. [d:\Anti\SilkroadAIBot\SilkroadAIBot.csproj]
d:\Anti\SilkroadAIBot\UI\MainForm.cs(41,16): warning CS8618: Non-nullable field '_proxy' must contain a non-null value when exiting constructor. Consider adding the 'required' modifier or declaring the field as nullable. [d:\Anti\SilkroadAIBot\SilkroadAIBot.csproj]
d:\Anti\SilkroadAIBot\Core\Proxy\ProxyListener.cs(16,16): warning CS8618: Non-nullable event 'OnClientConnected' must contain a non-null value when exiting constructor. Consider adding the 'required' modifier or declaring the event as nullable. [d:\Anti\SilkroadAIBot\SilkroadAIBot.csproj]
d:\Anti\SilkroadAIBot\Core\Security\TransferBuffer.cs(47,15): warning CS8625: Cannot convert null literal to non-nullable reference type. [d:\Anti\SilkroadAIBot\SilkroadAIBot.csproj]
d:\Anti\SilkroadAIBot\Core\Security\TransferBuffer.cs(45,10): warning CS8618: Non-nullable field 'm_buffer' must contain a non-null value when exiting constructor. Consider adding the 'required' modifier or declaring the field as nullable. [d:\Anti\SilkroadAIBot\SilkroadAIBot.csproj]
d:\Anti\SilkroadAIBot\Core\Security\Packet.cs(45,17): warning CS8625: Cannot convert null literal to non-nullable reference type. [d:\Anti\SilkroadAIBot\SilkroadAIBot.csproj]
d:\Anti\SilkroadAIBot\Core\Security\Packet.cs(46,23): warning CS8625: Cannot convert null literal to non-nullable reference type. [d:\Anti\SilkroadAIBot\SilkroadAIBot.csproj]
d:\Anti\SilkroadAIBot\Core\Security\Packet.cs(51,17): warning CS8625: Cannot convert null literal to non-nullable reference type. [d:\Anti\SilkroadAIBot\SilkroadAIBot.csproj]
d:\Anti\SilkroadAIBot\Core\Security\Packet.cs(31,10): warning CS8618: Non-nullable field 'm_writer' must contain a non-null value when exiting constructor. Consider adding the 'required' modifier or declaring the field as nullable. [d:\Anti\SilkroadAIBot\SilkroadAIBot.csproj]
d:\Anti\SilkroadAIBot\Core\Security\Packet.cs(31,10): warning CS8618: Non-nullable field 'm_reader' must contain a non-null value when exiting constructor. Consider adding the 'required' modifier or declaring the field as nullable. [d:\Anti\SilkroadAIBot\SilkroadAIBot.csproj]
d:\Anti\SilkroadAIBot\Core\Security\Packet.cs(31,10): warning CS8618: Non-nullable field 'm_reader_bytes' must contain a non-null value when exiting constructor. Consider adding the 'required' modifier or declaring the field as nullable. [d:\Anti\SilkroadAIBot\SilkroadAIBot.csproj]
d:\Anti\SilkroadAIBot\Core\Data\PK2\Pk2Reader.cs(275,23): warning CS8618: Non-nullable field 'Name' must contain a non-null value when exiting constructor. Consider adding the 'required' modifier or declaring the field as nullable. [d:\Anti\SilkroadAIBot\SilkroadAIBot.csproj]
d:\Anti\SilkroadAIBot\Core\Security\Packet.cs(64,15): warning CS8625: Cannot convert null literal to non-nullable reference type. [d:\Anti\SilkroadAIBot\SilkroadAIBot.csproj]
d:\Anti\SilkroadAIBot\Core\Security\Packet.cs(65,21): warning CS8625: Cannot convert null literal to non-nullable reference type. [d:\Anti\SilkroadAIBot\SilkroadAIBot.csproj]
d:\Anti\SilkroadAIBot\Core\Security\Packet.cs(57,10): warning CS8618: Non-nullable field 'm_reader' must contain a non-null value when exiting constructor. Consider adding the 'required' modifier or declaring the field as nullable. [d:\Anti\SilkroadAIBot\SilkroadAIBot.csproj]
d:\Anti\SilkroadAIBot\Core\Security\Packet.cs(57,10): warning CS8618: Non-nullable field 'm_reader_bytes' must contain a non-null value when exiting constructor. Consider adding the 'required' modifier or declaring the field as nullable. [d:\Anti\SilkroadAIBot\SilkroadAIBot.csproj]
d:\Anti\SilkroadAIBot\Core\Security\Blowfish.cs(305,12): warning CS8603: Possible null reference return. [d:\Anti\SilkroadAIBot\SilkroadAIBot.csproj]
d:\Anti\SilkroadAIBot\Core\Proxy\ProxyContext.cs(20,16): warning CS8618: Non-nullable field '_serverConnection' must contain a non-null value when exiting constructor. Consider adding the 'required' modifier or declaring the field as nullable. [d:\Anti\SilkroadAIBot\SilkroadAIBot.csproj]
d:\Anti\SilkroadAIBot\Core\Proxy\ProxyContext.cs(20,16): warning CS8618: Non-nullable field '_packetHandler' must contain a non-null value when exiting constructor. Consider adding the 'required' modifier or declaring the field as nullable. [d:\Anti\SilkroadAIBot\SilkroadAIBot.csproj]
d:\Anti\SilkroadAIBot\Core\Security\Packet.cs(74,15): warning CS8625: Cannot convert null literal to non-nullable reference type. [d:\Anti\SilkroadAIBot\SilkroadAIBot.csproj]
d:\Anti\SilkroadAIBot\Core\Security\Packet.cs(75,21): warning CS8625: Cannot convert null literal to non-nullable reference type. [d:\Anti\SilkroadAIBot\SilkroadAIBot.csproj]
d:\Anti\SilkroadAIBot\Core\Security\Packet.cs(67,10): warning CS8618: Non-nullable field 'm_reader' must contain a non-null value when exiting constructor. Consider adding the 'required' modifier or declaring the field as nullable. [d:\Anti\SilkroadAIBot\SilkroadAIBot.csproj]
d:\Anti\SilkroadAIBot\Core\Security\Packet.cs(67,10): warning CS8618: Non-nullable field 'm_reader_bytes' must contain a non-null value when exiting constructor. Consider adding the 'required' modifier or declaring the field as nullable. [d:\Anti\SilkroadAIBot\SilkroadAIBot.csproj]
d:\Anti\SilkroadAIBot\Core\Security\Packet.cs(88,15): warning CS8625: Cannot convert null literal to non-nullable reference type. [d:\Anti\SilkroadAIBot\SilkroadAIBot.csproj]
d:\Anti\SilkroadAIBot\Core\Security\Packet.cs(89,21): warning CS8625: Cannot convert null literal to non-nullable reference type. [d:\Anti\SilkroadAIBot\SilkroadAIBot.csproj]
d:\Anti\SilkroadAIBot\Core\Security\Packet.cs(77,10): warning CS8618: Non-nullable field 'm_reader' must contain a non-null value when exiting constructor. Consider adding the 'required' modifier or declaring the field as nullable. [d:\Anti\SilkroadAIBot\SilkroadAIBot.csproj]
d:\Anti\SilkroadAIBot\Core\Security\Packet.cs(77,10): warning CS8618: Non-nullable field 'm_reader_bytes' must contain a non-null value when exiting constructor. Consider adding the 'required' modifier or declaring the field as nullable. [d:\Anti\SilkroadAIBot\SilkroadAIBot.csproj]
d:\Anti\SilkroadAIBot\Core\Data\DatabaseManager.cs(14,16): warning CS8618: Non-nullable field '_connection' must contain a non-null value when exiting constructor. Consider adding the 'required' modifier or declaring the field as nullable. [d:\Anti\SilkroadAIBot\SilkroadAIBot.csproj]
d:\Anti\SilkroadAIBot\Core\Security\Packet.cs(103,15): warning CS8625: Cannot convert null literal to non-nullable reference type. [d:\Anti\SilkroadAIBot\SilkroadAIBot.csproj]
d:\Anti\SilkroadAIBot\Core\Security\Packet.cs(104,21): warning CS8625: Cannot convert null literal to non-nullable reference type. [d:\Anti\SilkroadAIBot\SilkroadAIBot.csproj]
d:\Anti\SilkroadAIBot\Core\Security\Packet.cs(91,10): warning CS8618: Non-nullable field 'm_reader' must contain a non-null value when exiting constructor. Consider adding the 'required' modifier or declaring the field as nullable. [d:\Anti\SilkroadAIBot\SilkroadAIBot.csproj]
d:\Anti\SilkroadAIBot\Core\Security\Packet.cs(91,10): warning CS8618: Non-nullable field 'm_reader_bytes' must contain a non-null value when exiting constructor. Consider adding the 'required' modifier or declaring the field as nullable. [d:\Anti\SilkroadAIBot\SilkroadAIBot.csproj]
d:\Anti\SilkroadAIBot\Core\Security\Packet.cs(118,15): warning CS8625: Cannot convert null literal to non-nullable reference type. [d:\Anti\SilkroadAIBot\SilkroadAIBot.csproj]
d:\Anti\SilkroadAIBot\Core\Security\Packet.cs(119,21): warning CS8625: Cannot convert null literal to non-nullable reference type. [d:\Anti\SilkroadAIBot\SilkroadAIBot.csproj]
d:\Anti\SilkroadAIBot\Core\Security\Packet.cs(106,10): warning CS8618: Non-nullable field 'm_reader' must contain a non-null value when exiting constructor. Consider adding the 'required' modifier or declaring the field as nullable. [d:\Anti\SilkroadAIBot\SilkroadAIBot.csproj]
d:\Anti\SilkroadAIBot\Core\Security\Packet.cs(106,10): warning CS8618: Non-nullable field 'm_reader_bytes' must contain a non-null value when exiting constructor. Consider adding the 'required' modifier or declaring the field as nullable. [d:\Anti\SilkroadAIBot\SilkroadAIBot.csproj]
d:\Anti\SilkroadAIBot\Core\Security\Blowfish.cs(344,12): warning CS8603: Possible null reference return. [d:\Anti\SilkroadAIBot\SilkroadAIBot.csproj]
d:\Anti\SilkroadAIBot\Core\Security\Packet.cs(143,17): warning CS8625: Cannot convert null literal to non-nullable reference type. [d:\Anti\SilkroadAIBot\SilkroadAIBot.csproj]
d:\Anti\SilkroadAIBot\Core\Data\PK2\Pk2Reader.cs(19,16): warning CS8618: Non-nullable field '_rootFolder' must contain a non-null value when exiting constructor. Consider adding the 'required' modifier or declaring the field as nullable. [d:\Anti\SilkroadAIBot\SilkroadAIBot.csproj]
d:\Anti\SilkroadAIBot\Core\Data\DatabaseManager.cs(95,24): warning CS8603: Possible null reference return. [d:\Anti\SilkroadAIBot\SilkroadAIBot.csproj]
d:\Anti\SilkroadAIBot\Core\Data\DatabaseManager.cs(124,42): warning CS8604: Possible null reference argument for parameter 'name' in 'long DatabaseManager.GetCharacterId(string name)'. [d:\Anti\SilkroadAIBot\SilkroadAIBot.csproj]
d:\Anti\SilkroadAIBot\Core\Data\PK2\Pk2Reader.cs(224,20): warning CS8603: Possible null reference return. [d:\Anti\SilkroadAIBot\SilkroadAIBot.csproj]
d:\Anti\SilkroadAIBot\Core\Data\PK2\Pk2Reader.cs(229,41): warning CS8603: Possible null reference return. [d:\Anti\SilkroadAIBot\SilkroadAIBot.csproj]
d:\Anti\SilkroadAIBot\Core\Models\SRSkill.cs(8,23): warning CS8618: Non-nullable property 'CodeName' must contain a non-null value when exiting constructor. Consider adding the 'required' modifier or declaring the property as nullable. [d:\Anti\SilkroadAIBot\SilkroadAIBot.csproj]
d:\Anti\SilkroadAIBot\Core\Models\SRSkill.cs(9,23): warning CS8618: Non-nullable property 'Name' must contain a non-null value when exiting constructor. Consider adding the 'required' modifier or declaring the property as nullable. [d:\Anti\SilkroadAIBot\SilkroadAIBot.csproj]
d:\Anti\SilkroadAIBot\Core\Models\SRSkill.cs(20,23): warning CS8618: Non-nullable property 'IconPath' must contain a non-null value when exiting constructor. Consider adding the 'required' modifier or declaring the property as nullable. [d:\Anti\SilkroadAIBot\SilkroadAIBot.csproj]
d:\Anti\SilkroadAIBot\Core\Models\SRPlayer.cs(14,23): warning CS8618: Non-nullable property 'GuildName' must contain a non-null value when exiting constructor. Consider adding the 'required' modifier or declaring the property as nullable. [d:\Anti\SilkroadAIBot\SilkroadAIBot.csproj]
d:\Anti\SilkroadAIBot\Core\Models\SREntity.cs(10,23): warning CS8618: Non-nullable property 'Name' must contain a non-null value when exiting constructor. Consider adding the 'required' modifier or declaring the property as nullable. [d:\Anti\SilkroadAIBot\SilkroadAIBot.csproj]
d:\Anti\SilkroadAIBot\Core\Models\SRDrop.cs(12,23): warning CS8618: Non-nullable property 'OwnerName' must contain a non-null value when exiting constructor. Consider adding the 'required' modifier or declaring the property as nullable. [d:\Anti\SilkroadAIBot\SilkroadAIBot.csproj]
d:\Anti\SilkroadAIBot\Core\Data\DataManager.cs(106,36): warning CS8600: Converting null literal or possible null value to non-nullable type. [d:\Anti\SilkroadAIBot\SilkroadAIBot.csproj]
d:\Anti\SilkroadAIBot\Core\Models\SRItem.cs(10,23): warning CS8618: Non-nullable property 'Name' must contain a non-null value when exiting constructor. Consider adding the 'required' modifier or declaring the property as nullable. [d:\Anti\SilkroadAIBot\SilkroadAIBot.csproj]
d:\Anti\SilkroadAIBot\Core\Data\PK2\Pk2Blowfish.cs(174,61): warning CS8603: Possible null reference return. [d:\Anti\SilkroadAIBot\SilkroadAIBot.csproj]
d:\Anti\SilkroadAIBot\Core\Networking\LoginManager.cs(24,16): warning CS8618: Non-nullable field '_username' must contain a non-null value when exiting constructor. Consider adding the 'required' modifier or declaring the field as nullable. [d:\Anti\SilkroadAIBot\SilkroadAIBot.csproj]
d:\Anti\SilkroadAIBot\Core\Networking\LoginManager.cs(24,16): warning CS8618: Non-nullable field '_password' must contain a non-null value when exiting constructor. Consider adding the 'required' modifier or declaring the field as nullable. [d:\Anti\SilkroadAIBot\SilkroadAIBot.csproj]
d:\Anti\SilkroadAIBot\Core\Security\Packet.cs(514,18): warning SYSLIB0001: 'Encoding.UTF7' is obsolete: 'The UTF-7 encoding is insecure and should not be used. Consider using UTF-8 instead.' (https://aka.ms/dotnet-warnings/SYSLIB0001) [d:\Anti\SilkroadAIBot\SilkroadAIBot.csproj]
d:\Anti\SilkroadAIBot\Core\Data\DataManager.cs(136,44): warning CS8600: Converting null literal or possible null value to non-nullable type. [d:\Anti\SilkroadAIBot\SilkroadAIBot.csproj]
d:\Anti\SilkroadAIBot\Core\Networking\ClientlessConnection.cs(120,20): warning CS8603: Possible null reference return. [d:\Anti\SilkroadAIBot\SilkroadAIBot.csproj]
d:\Anti\SilkroadAIBot\Core\Networking\ClientlessConnection.cs(11,27): warning CS8618: Non-nullable field '_client' must contain a non-null value when exiting constructor. Consider adding the 'required' modifier or declaring the field as nullable. [d:\Anti\SilkroadAIBot\SilkroadAIBot.csproj]
d:\Anti\SilkroadAIBot\Core\Networking\ClientlessConnection.cs(12,31): warning CS8618: Non-nullable field '_stream' must contain a non-null value when exiting constructor. Consider adding the 'required' modifier or declaring the field as nullable. [d:\Anti\SilkroadAIBot\SilkroadAIBot.csproj]
d:\Anti\SilkroadAIBot\Core\Networking\ClientlessConnection.cs(13,26): warning CS8618: Non-nullable field '_security' must contain a non-null value when exiting constructor. Consider adding the 'required' modifier or declaring the field as nullable. [d:\Anti\SilkroadAIBot\SilkroadAIBot.csproj]
d:\Anti\SilkroadAIBot\Core\Networking\ClientlessConnection.cs(14,31): warning CS8618: Non-nullable field '_receivedPackets' must contain a non-null value when exiting constructor. Consider adding the 'required' modifier or declaring the field as nullable. [d:\Anti\SilkroadAIBot\SilkroadAIBot.csproj]
d:\Anti\SilkroadAIBot\Core\Networking\ClientlessConnection.cs(17,37): warning CS8618: Non-nullable event 'OnPacketReceived' must contain a non-null value when exiting constructor. Consider adding the 'required' modifier or declaring the event as nullable. [d:\Anti\SilkroadAIBot\SilkroadAIBot.csproj]
d:\Anti\SilkroadAIBot\Core\Networking\ClientlessConnection.cs(18,29): warning CS8618: Non-nullable event 'OnDisconnected' must contain a non-null value when exiting constructor. Consider adding the 'required' modifier or declaring the event as nullable. [d:\Anti\SilkroadAIBot\SilkroadAIBot.csproj]
d:\Anti\SilkroadAIBot\Core\Security\Packet.cs(690,25): warning SYSLIB0001: 'Encoding.UTF7' is obsolete: 'The UTF-7 encoding is insecure and should not be used. Consider using UTF-8 instead.' (https://aka.ms/dotnet-warnings/SYSLIB0001) [d:\Anti\SilkroadAIBot\SilkroadAIBot.csproj]
d:\Anti\SilkroadAIBot\Core\Data\DataManager.cs(203,44): warning CS8600: Converting null literal or possible null value to non-nullable type. [d:\Anti\SilkroadAIBot\SilkroadAIBot.csproj]
d:\Anti\SilkroadAIBot\Core\Data\DataManager.cs(228,88): warning CS8600: Converting null literal or possible null value to non-nullable type. [d:\Anti\SilkroadAIBot\SilkroadAIBot.csproj]
d:\Anti\SilkroadAIBot\Core\Data\DataManager.cs(247,20): warning CS8603: Possible null reference return. [d:\Anti\SilkroadAIBot\SilkroadAIBot.csproj]
d:\Anti\SilkroadAIBot\Core\Data\DataManager.cs(15,27): warning CS8618: Non-nullable field '_mediaPk2' must contain a non-null value when exiting constructor. Consider adding the 'required' modifier or declaring the field as nullable. [d:\Anti\SilkroadAIBot\SilkroadAIBot.csproj]
d:\Anti\SilkroadAIBot\Core\Data\DataManager.cs(16,27): warning CS8618: Non-nullable field '_dataPk2' must contain a non-null value when exiting constructor. Consider adding the 'required' modifier or declaring the field as nullable. [d:\Anti\SilkroadAIBot\SilkroadAIBot.csproj]
d:\Anti\SilkroadAIBot\Core\Security\Packet.cs(836,25): warning SYSLIB0001: 'Encoding.UTF7' is obsolete: 'The UTF-7 encoding is insecure and should not be used. Consider using UTF-8 instead.' (https://aka.ms/dotnet-warnings/SYSLIB0001) [d:\Anti\SilkroadAIBot\SilkroadAIBot.csproj]
d:\Anti\SilkroadAIBot\Core\Security\Packet.cs(835,70): warning CS8604: Possible null reference argument for parameter 's' in 'byte[] Encoding.GetBytes(string s)'. [d:\Anti\SilkroadAIBot\SilkroadAIBot.csproj]
d:\Anti\SilkroadAIBot\Core\Security\Packet.cs(852,46): warning CS8604: Possible null reference argument for parameter 's' in 'byte[] Encoding.GetBytes(string s)'. [d:\Anti\SilkroadAIBot\SilkroadAIBot.csproj]
d:\Anti\SilkroadAIBot\Core\Security\Packet.cs(854,28): warning CS8602: Dereference of a possibly null reference. [d:\Anti\SilkroadAIBot\SilkroadAIBot.csproj]
d:\Anti\SilkroadAIBot\Core\Security\Security.cs(887,32): warning CS8625: Cannot convert null literal to non-nullable reference type. [d:\Anti\SilkroadAIBot\SilkroadAIBot.csproj]
d:\Anti\SilkroadAIBot\Core\Security\Security.cs(890,32): warning CS8625: Cannot convert null literal to non-nullable reference type. [d:\Anti\SilkroadAIBot\SilkroadAIBot.csproj]
d:\Anti\SilkroadAIBot\Core\Security\Security.cs(846,16): warning CS8618: Non-nullable field 'm_current_buffer' must contain a non-null value when exiting constructor. Consider adding the 'required' modifier or declaring the field as nullable. [d:\Anti\SilkroadAIBot\SilkroadAIBot.csproj]
d:\Anti\SilkroadAIBot\Core\Security\Security.cs(846,16): warning CS8618: Non-nullable field 'm_massive_packet' must contain a non-null value when exiting constructor. Consider adding the 'required' modifier or declaring the field as nullable. [d:\Anti\SilkroadAIBot\SilkroadAIBot.csproj]
d:\Anti\SilkroadAIBot\Core\Security\Packet.cs(1264,17): warning CS8604: Possible null reference argument for parameter 'value' in 'void Packet.WriteAscii(string value, int codepage = 949)'. [d:\Anti\SilkroadAIBot\SilkroadAIBot.csproj]
d:\Anti\SilkroadAIBot\Core\Security\Packet.cs(1290,19): warning CS8604: Possible null reference argument for parameter 'value' in 'void Packet.WriteUnicode(string value)'. [d:\Anti\SilkroadAIBot\SilkroadAIBot.csproj]
d:\Anti\SilkroadAIBot\Core\Security\Security.cs(1068,48): warning CS8625: Cannot convert null literal to non-nullable reference type. [d:\Anti\SilkroadAIBot\SilkroadAIBot.csproj]
d:\Anti\SilkroadAIBot\Core\Security\Security.cs(1105,45): warning CS8625: Cannot convert null literal to non-nullable reference type. [d:\Anti\SilkroadAIBot\SilkroadAIBot.csproj]
d:\Anti\SilkroadAIBot\Core\Security\Security.cs(1199,60): warning CS8625: Cannot convert null literal to non-nullable reference type. [d:\Anti\SilkroadAIBot\SilkroadAIBot.csproj]
d:\Anti\SilkroadAIBot\Core\Security\Security.cs(1219,66): warning CS8600: Converting null literal or possible null value to non-nullable type. [d:\Anti\SilkroadAIBot\SilkroadAIBot.csproj]
d:\Anti\SilkroadAIBot\Core\Security\Security.cs(1231,20): warning CS8603: Possible null reference return. [d:\Anti\SilkroadAIBot\SilkroadAIBot.csproj]
d:\Anti\SilkroadAIBot\Core\Security\Security.cs(1238,36): warning CS8600: Converting null literal or possible null value to non-nullable type. [d:\Anti\SilkroadAIBot\SilkroadAIBot.csproj]
d:\Anti\SilkroadAIBot\Core\Security\Security.cs(1247,20): warning CS8603: Possible null reference return. [d:\Anti\SilkroadAIBot\SilkroadAIBot.csproj]
d:\Anti\SilkroadAIBot\UI\MainForm.cs(17,39): warning CS0169: The field 'MainForm._lblXp' is never used [d:\Anti\SilkroadAIBot\SilkroadAIBot.csproj]
d:\Anti\SilkroadAIBot\Core\Data\PK2\Pk2Reader.cs(16,27): warning CS0169: The field 'Pk2Reader._rootFolder' is never used [d:\Anti\SilkroadAIBot\SilkroadAIBot.csproj]
d:\Anti\SilkroadAIBot\Bot\Bundles\AttackBundle.cs(13,22): warning CS0414: The field 'AttackBundle._lastAttackTime' is assigned but its value is never used [d:\Anti\SilkroadAIBot\SilkroadAIBot.csproj]
  SilkroadAIBot -> d:\Anti\SilkroadAIBot\bin\Debug\net8.0-windows\SilkroadAIBot.dll

Build succeeded.

d:\Anti\SilkroadAIBot\Bot\SkillController.cs(6,7): warning CS0105: The using directive for 'SecurityAPI' appeared previously in this namespace [d:\Anti\SilkroadAIBot\SilkroadAIBot.csproj]
d:\Anti\SilkroadAIBot\Bot\WorldState.cs(43,16): warning CS8618: Non-nullable event 'OnCharacterUpdated' must contain a non-null value when exiting constructor. Consider adding the 'required' modifier or declaring the event as nullable. [d:\Anti\SilkroadAIBot\SilkroadAIBot.csproj]
d:\Anti\SilkroadAIBot\Bot\WorldState.cs(43,16): warning CS8618: Non-nullable event 'OnPositionUpdated' must contain a non-null value when exiting constructor. Consider adding the 'required' modifier or declaring the event as nullable. [d:\Anti\SilkroadAIBot\SilkroadAIBot.csproj]
d:\Anti\SilkroadAIBot\Bot\WorldState.cs(43,16): warning CS8618: Non-nullable event 'OnStatsUpdated' must contain a non-null value when exiting constructor. Consider adding the 'required' modifier or declaring the event as nullable. [d:\Anti\SilkroadAIBot\SilkroadAIBot.csproj]
d:\Anti\SilkroadAIBot\Core\Proxy\ProxyManager.cs(21,44): warning CS8622: Nullability of reference types in type of parameter 'sender' of 'void ProxyManager.Listener_OnClientConnected(object sender, TcpClient client)' doesn't match the target delegate 'EventHandler<TcpClient>' (possibly because of nullability attributes). [d:\Anti\SilkroadAIBot\SilkroadAIBot.csproj]
d:\Anti\SilkroadAIBot\Core\Proxy\ProxyManager.cs(15,16): warning CS8618: Non-nullable field '_dataManager' must contain a non-null value when exiting constructor. Consider adding the 'required' modifier or declaring the field as nullable. [d:\Anti\SilkroadAIBot\SilkroadAIBot.csproj]
d:\Anti\SilkroadAIBot\Bot\WorldState.cs(75,20): warning CS8603: Possible null reference return. [d:\Anti\SilkroadAIBot\SilkroadAIBot.csproj]
d:\Anti\SilkroadAIBot\UI\MainForm.cs(41,16): warning CS8618: Non-nullable field '_tabs' must contain a non-null value when exiting constructor. Consider adding the 'required' modifier or declaring the field as nullable. [d:\Anti\SilkroadAIBot\SilkroadAIBot.csproj]
d:\Anti\SilkroadAIBot\UI\MainForm.cs(41,16): warning CS8618: Non-nullable field '_rtbLogs' must contain a non-null value when exiting constructor. Consider adding the 'required' modifier or declaring the field as nullable. [d:\Anti\SilkroadAIBot\SilkroadAIBot.csproj]
d:\Anti\SilkroadAIBot\UI\MainForm.cs(41,16): warning CS8618: Non-nullable field '_lblHp' must contain a non-null value when exiting constructor. Consider adding the 'required' modifier or declaring the field as nullable. [d:\Anti\SilkroadAIBot\SilkroadAIBot.csproj]
d:\Anti\SilkroadAIBot\UI\MainForm.cs(41,16): warning CS8618: Non-nullable field '_lblMp' must contain a non-null value when exiting constructor. Consider adding the 'required' modifier or declaring the field as nullable. [d:\Anti\SilkroadAIBot\SilkroadAIBot.csproj]
d:\Anti\SilkroadAIBot\UI\MainForm.cs(41,16): warning CS8618: Non-nullable field '_lblXp' must contain a non-null value when exiting constructor. Consider adding the 'required' modifier or declaring the field as nullable. [d:\Anti\SilkroadAIBot\SilkroadAIBot.csproj]
d:\Anti\SilkroadAIBot\UI\MainForm.cs(41,16): warning CS8618: Non-nullable field '_pbHp' must contain a non-null value when exiting constructor. Consider adding the 'required' modifier or declaring the field as nullable. [d:\Anti\SilkroadAIBot\SilkroadAIBot.csproj]
d:\Anti\SilkroadAIBot\UI\MainForm.cs(41,16): warning CS8618: Non-nullable field '_pbMp' must contain a non-null value when exiting constructor. Consider adding the 'required' modifier or declaring the field as nullable. [d:\Anti\SilkroadAIBot\SilkroadAIBot.csproj]
d:\Anti\SilkroadAIBot\UI\MainForm.cs(41,16): warning CS8618: Non-nullable field '_map' must contain a non-null value when exiting constructor. Consider adding the 'required' modifier or declaring the field as nullable. [d:\Anti\SilkroadAIBot\SilkroadAIBot.csproj]
d:\Anti\SilkroadAIBot\UI\MainForm.cs(41,16): warning CS8618: Non-nullable field '_lblSessionXp' must contain a non-null value when exiting constructor. Consider adding the 'required' modifier or declaring the field as nullable. [d:\Anti\SilkroadAIBot\SilkroadAIBot.csproj]
d:\Anti\SilkroadAIBot\UI\MainForm.cs(41,16): warning CS8618: Non-nullable field '_lblSessionGold' must contain a non-null value when exiting constructor. Consider adding the 'required' modifier or declaring the field as nullable. [d:\Anti\SilkroadAIBot\SilkroadAIBot.csproj]
d:\Anti\SilkroadAIBot\UI\MainForm.cs(41,16): warning CS8618: Non-nullable field '_lblSessionKills' must contain a non-null value when exiting constructor. Consider adding the 'required' modifier or declaring the field as nullable. [d:\Anti\SilkroadAIBot\SilkroadAIBot.csproj]
d:\Anti\SilkroadAIBot\UI\MainForm.cs(41,16): warning CS8618: Non-nullable field '_lblSessionLoot' must contain a non-null value when exiting constructor. Consider adding the 'required' modifier or declaring the field as nullable. [d:\Anti\SilkroadAIBot\SilkroadAIBot.csproj]
d:\Anti\SilkroadAIBot\UI\MainForm.cs(41,16): warning CS8618: Non-nullable field '_txtSroPath' must contain a non-null value when exiting constructor. Consider adding the 'required' modifier or declaring the field as nullable. [d:\Anti\SilkroadAIBot\SilkroadAIBot.csproj]
d:\Anti\SilkroadAIBot\UI\MainForm.cs(41,16): warning CS8618: Non-nullable field '_btnLaunchClient' must contain a non-null value when exiting constructor. Consider adding the 'required' modifier or declaring the field as nullable. [d:\Anti\SilkroadAIBot\SilkroadAIBot.csproj]
d:\Anti\SilkroadAIBot\UI\MainForm.cs(41,16): warning CS8618: Non-nullable field '_chkClientMode' must contain a non-null value when exiting constructor. Consider adding the 'required' modifier or declaring the field as nullable. [d:\Anti\SilkroadAIBot\SilkroadAIBot.csproj]
d:\Anti\SilkroadAIBot\UI\MainForm.cs(41,16): warning CS8618: Non-nullable field '_txtUsername' must contain a non-null value when exiting constructor. Consider adding the 'required' modifier or declaring the field as nullable. [d:\Anti\SilkroadAIBot\SilkroadAIBot.csproj]
d:\Anti\SilkroadAIBot\UI\MainForm.cs(41,16): warning CS8618: Non-nullable field '_txtPassword' must contain a non-null value when exiting constructor. Consider adding the 'required' modifier or declaring the field as nullable. [d:\Anti\SilkroadAIBot\SilkroadAIBot.csproj]
d:\Anti\SilkroadAIBot\UI\MainForm.cs(41,16): warning CS8618: Non-nullable field '_chkAutoLogin' must contain a non-null value when exiting constructor. Consider adding the 'required' modifier or declaring the field as nullable. [d:\Anti\SilkroadAIBot\SilkroadAIBot.csproj]
d:\Anti\SilkroadAIBot\UI\MainForm.cs(41,16): warning CS8618: Non-nullable field '_cmbServers' must contain a non-null value when exiting constructor. Consider adding the 'required' modifier or declaring the field as nullable. [d:\Anti\SilkroadAIBot\SilkroadAIBot.csproj]
d:\Anti\SilkroadAIBot\UI\MainForm.cs(41,16): warning CS8618: Non-nullable field '_cmbCharacters' must contain a non-null value when exiting constructor. Consider adding the 'required' modifier or declaring the field as nullable. [d:\Anti\SilkroadAIBot\SilkroadAIBot.csproj]
d:\Anti\SilkroadAIBot\UI\MainForm.cs(41,16): warning CS8618: Non-nullable field '_btnStartGame' must contain a non-null value when exiting constructor. Consider adding the 'required' modifier or declaring the field as nullable. [d:\Anti\SilkroadAIBot\SilkroadAIBot.csproj]
d:\Anti\SilkroadAIBot\UI\MainForm.cs(41,16): warning CS8618: Non-nullable field '_lvPacketMonitor' must contain a non-null value when exiting constructor. Consider adding the 'required' modifier or declaring the field as nullable. [d:\Anti\SilkroadAIBot\SilkroadAIBot.csproj]
d:\Anti\SilkroadAIBot\UI\MainForm.cs(41,16): warning CS8618: Non-nullable field '_agent' must contain a non-null value when exiting constructor. Consider adding the 'required' modifier or declaring the field as nullable. [d:\Anti\SilkroadAIBot\SilkroadAIBot.csproj]
d:\Anti\SilkroadAIBot\UI\MainForm.cs(41,16): warning CS8618: Non-nullable field '_bot' must contain a non-null value when exiting constructor. Consider adding the 'required' modifier or declaring the field as nullable. [d:\Anti\SilkroadAIBot\SilkroadAIBot.csproj]
d:\Anti\SilkroadAIBot\UI\MainForm.cs(41,16): warning CS8618: Non-nullable field '_worldState' must contain a non-null value when exiting constructor. Consider adding the 'required' modifier or declaring the field as nullable. [d:\Anti\SilkroadAIBot\SilkroadAIBot.csproj]
d:\Anti\SilkroadAIBot\UI\MainForm.cs(41,16): warning CS8618: Non-nullable field '_db' must contain a non-null value when exiting constructor. Consider adding the 'required' modifier or declaring the field as nullable. [d:\Anti\SilkroadAIBot\SilkroadAIBot.csproj]
d:\Anti\SilkroadAIBot\UI\MainForm.cs(41,16): warning CS8618: Non-nullable field '_dataManager' must contain a non-null value when exiting constructor. Consider adding the 'required' modifier or declaring the field as nullable. [d:\Anti\SilkroadAIBot\SilkroadAIBot.csproj]
d:\Anti\SilkroadAIBot\UI\MainForm.cs(41,16): warning CS8618: Non-nullable field '_proxy' must contain a non-null value when exiting constructor. Consider adding the 'required' modifier or declaring the field as nullable. [d:\Anti\SilkroadAIBot\SilkroadAIBot.csproj]
d:\Anti\SilkroadAIBot\Core\Proxy\ProxyListener.cs(16,16): warning CS8618: Non-nullable event 'OnClientConnected' must contain a non-null value when exiting constructor. Consider adding the 'required' modifier or declaring the event as nullable. [d:\Anti\SilkroadAIBot\SilkroadAIBot.csproj]
d:\Anti\SilkroadAIBot\Core\Security\TransferBuffer.cs(47,15): warning CS8625: Cannot convert null literal to non-nullable reference type. [d:\Anti\SilkroadAIBot\SilkroadAIBot.csproj]
d:\Anti\SilkroadAIBot\Core\Security\TransferBuffer.cs(45,10): warning CS8618: Non-nullable field 'm_buffer' must contain a non-null value when exiting constructor. Consider adding the 'required' modifier or declaring the field as nullable. [d:\Anti\SilkroadAIBot\SilkroadAIBot.csproj]
d:\Anti\SilkroadAIBot\Core\Security\Packet.cs(45,17): warning CS8625: Cannot convert null literal to non-nullable reference type. [d:\Anti\SilkroadAIBot\SilkroadAIBot.csproj]
d:\Anti\SilkroadAIBot\Core\Security\Packet.cs(46,23): warning CS8625: Cannot convert null literal to non-nullable reference type. [d:\Anti\SilkroadAIBot\SilkroadAIBot.csproj]
d:\Anti\SilkroadAIBot\Core\Security\Packet.cs(51,17): warning CS8625: Cannot convert null literal to non-nullable reference type. [d:\Anti\SilkroadAIBot\SilkroadAIBot.csproj]
d:\Anti\SilkroadAIBot\Core\Security\Packet.cs(31,10): warning CS8618: Non-nullable field 'm_writer' must contain a non-null value when exiting constructor. Consider adding the 'required' modifier or declaring the field as nullable. [d:\Anti\SilkroadAIBot\SilkroadAIBot.csproj]
d:\Anti\SilkroadAIBot\Core\Security\Packet.cs(31,10): warning CS8618: Non-nullable field 'm_reader' must contain a non-null value when exiting constructor. Consider adding the 'required' modifier or declaring the field as nullable. [d:\Anti\SilkroadAIBot\SilkroadAIBot.csproj]
d:\Anti\SilkroadAIBot\Core\Security\Packet.cs(31,10): warning CS8618: Non-nullable field 'm_reader_bytes' must contain a non-null value when exiting constructor. Consider adding the 'required' modifier or declaring the field as nullable. [d:\Anti\SilkroadAIBot\SilkroadAIBot.csproj]
d:\Anti\SilkroadAIBot\Core\Data\PK2\Pk2Reader.cs(275,23): warning CS8618: Non-nullable field 'Name' must contain a non-null value when exiting constructor. Consider adding the 'required' modifier or declaring the field as nullable. [d:\Anti\SilkroadAIBot\SilkroadAIBot.csproj]
d:\Anti\SilkroadAIBot\Core\Security\Packet.cs(64,15): warning CS8625: Cannot convert null literal to non-nullable reference type. [d:\Anti\SilkroadAIBot\SilkroadAIBot.csproj]
d:\Anti\SilkroadAIBot\Core\Security\Packet.cs(65,21): warning CS8625: Cannot convert null literal to non-nullable reference type. [d:\Anti\SilkroadAIBot\SilkroadAIBot.csproj]
d:\Anti\SilkroadAIBot\Core\Security\Packet.cs(57,10): warning CS8618: Non-nullable field 'm_reader' must contain a non-null value when exiting constructor. Consider adding the 'required' modifier or declaring the field as nullable. [d:\Anti\SilkroadAIBot\SilkroadAIBot.csproj]
d:\Anti\SilkroadAIBot\Core\Security\Packet.cs(57,10): warning CS8618: Non-nullable field 'm_reader_bytes' must contain a non-null value when exiting constructor. Consider adding the 'required' modifier or declaring the field as nullable. [d:\Anti\SilkroadAIBot\SilkroadAIBot.csproj]
d:\Anti\SilkroadAIBot\Core\Security\Blowfish.cs(305,12): warning CS8603: Possible null reference return. [d:\Anti\SilkroadAIBot\SilkroadAIBot.csproj]
d:\Anti\SilkroadAIBot\Core\Proxy\ProxyContext.cs(20,16): warning CS8618: Non-nullable field '_serverConnection' must contain a non-null value when exiting constructor. Consider adding the 'required' modifier or declaring the field as nullable. [d:\Anti\SilkroadAIBot\SilkroadAIBot.csproj]
d:\Anti\SilkroadAIBot\Core\Proxy\ProxyContext.cs(20,16): warning CS8618: Non-nullable field '_packetHandler' must contain a non-null value when exiting constructor. Consider adding the 'required' modifier or declaring the field as nullable. [d:\Anti\SilkroadAIBot\SilkroadAIBot.csproj]
d:\Anti\SilkroadAIBot\Core\Security\Packet.cs(74,15): warning CS8625: Cannot convert null literal to non-nullable reference type. [d:\Anti\SilkroadAIBot\SilkroadAIBot.csproj]
d:\Anti\SilkroadAIBot\Core\Security\Packet.cs(75,21): warning CS8625: Cannot convert null literal to non-nullable reference type. [d:\Anti\SilkroadAIBot\SilkroadAIBot.csproj]
d:\Anti\SilkroadAIBot\Core\Security\Packet.cs(67,10): warning CS8618: Non-nullable field 'm_reader' must contain a non-null value when exiting constructor. Consider adding the 'required' modifier or declaring the field as nullable. [d:\Anti\SilkroadAIBot\SilkroadAIBot.csproj]
d:\Anti\SilkroadAIBot\Core\Security\Packet.cs(67,10): warning CS8618: Non-nullable field 'm_reader_bytes' must contain a non-null value when exiting constructor. Consider adding the 'required' modifier or declaring the field as nullable. [d:\Anti\SilkroadAIBot\SilkroadAIBot.csproj]
d:\Anti\SilkroadAIBot\Core\Security\Packet.cs(88,15): warning CS8625: Cannot convert null literal to non-nullable reference type. [d:\Anti\SilkroadAIBot\SilkroadAIBot.csproj]
d:\Anti\SilkroadAIBot\Core\Security\Packet.cs(89,21): warning CS8625: Cannot convert null literal to non-nullable reference type. [d:\Anti\SilkroadAIBot\SilkroadAIBot.csproj]
d:\Anti\SilkroadAIBot\Core\Security\Packet.cs(77,10): warning CS8618: Non-nullable field 'm_reader' must contain a non-null value when exiting constructor. Consider adding the 'required' modifier or declaring the field as nullable. [d:\Anti\SilkroadAIBot\SilkroadAIBot.csproj]
d:\Anti\SilkroadAIBot\Core\Security\Packet.cs(77,10): warning CS8618: Non-nullable field 'm_reader_bytes' must contain a non-null value when exiting constructor. Consider adding the 'required' modifier or declaring the field as nullable. [d:\Anti\SilkroadAIBot\SilkroadAIBot.csproj]
d:\Anti\SilkroadAIBot\Core\Data\DatabaseManager.cs(14,16): warning CS8618: Non-nullable field '_connection' must contain a non-null value when exiting constructor. Consider adding the 'required' modifier or declaring the field as nullable. [d:\Anti\SilkroadAIBot\SilkroadAIBot.csproj]
d:\Anti\SilkroadAIBot\Core\Security\Packet.cs(103,15): warning CS8625: Cannot convert null literal to non-nullable reference type. [d:\Anti\SilkroadAIBot\SilkroadAIBot.csproj]
d:\Anti\SilkroadAIBot\Core\Security\Packet.cs(104,21): warning CS8625: Cannot convert null literal to non-nullable reference type. [d:\Anti\SilkroadAIBot\SilkroadAIBot.csproj]
d:\Anti\SilkroadAIBot\Core\Security\Packet.cs(91,10): warning CS8618: Non-nullable field 'm_reader' must contain a non-null value when exiting constructor. Consider adding the 'required' modifier or declaring the field as nullable. [d:\Anti\SilkroadAIBot\SilkroadAIBot.csproj]
d:\Anti\SilkroadAIBot\Core\Security\Packet.cs(91,10): warning CS8618: Non-nullable field 'm_reader_bytes' must contain a non-null value when exiting constructor. Consider adding the 'required' modifier or declaring the field as nullable. [d:\Anti\SilkroadAIBot\SilkroadAIBot.csproj]
d:\Anti\SilkroadAIBot\Core\Security\Packet.cs(118,15): warning CS8625: Cannot convert null literal to non-nullable reference type. [d:\Anti\SilkroadAIBot\SilkroadAIBot.csproj]
d:\Anti\SilkroadAIBot\Core\Security\Packet.cs(119,21): warning CS8625: Cannot convert null literal to non-nullable reference type. [d:\Anti\SilkroadAIBot\SilkroadAIBot.csproj]
d:\Anti\SilkroadAIBot\Core\Security\Packet.cs(106,10): warning CS8618: Non-nullable field 'm_reader' must contain a non-null value when exiting constructor. Consider adding the 'required' modifier or declaring the field as nullable. [d:\Anti\SilkroadAIBot\SilkroadAIBot.csproj]
d:\Anti\SilkroadAIBot\Core\Security\Packet.cs(106,10): warning CS8618: Non-nullable field 'm_reader_bytes' must contain a non-null value when exiting constructor. Consider adding the 'required' modifier or declaring the field as nullable. [d:\Anti\SilkroadAIBot\SilkroadAIBot.csproj]
d:\Anti\SilkroadAIBot\Core\Security\Blowfish.cs(344,12): warning CS8603: Possible null reference return. [d:\Anti\SilkroadAIBot\SilkroadAIBot.csproj]
d:\Anti\SilkroadAIBot\Core\Security\Packet.cs(143,17): warning CS8625: Cannot convert null literal to non-nullable reference type. [d:\Anti\SilkroadAIBot\SilkroadAIBot.csproj]
d:\Anti\SilkroadAIBot\Core\Data\PK2\Pk2Reader.cs(19,16): warning CS8618: Non-nullable field '_rootFolder' must contain a non-null value when exiting constructor. Consider adding the 'required' modifier or declaring the field as nullable. [d:\Anti\SilkroadAIBot\SilkroadAIBot.csproj]
d:\Anti\SilkroadAIBot\Core\Data\DatabaseManager.cs(95,24): warning CS8603: Possible null reference return. [d:\Anti\SilkroadAIBot\SilkroadAIBot.csproj]
d:\Anti\SilkroadAIBot\Core\Data\DatabaseManager.cs(124,42): warning CS8604: Possible null reference argument for parameter 'name' in 'long DatabaseManager.GetCharacterId(string name)'. [d:\Anti\SilkroadAIBot\SilkroadAIBot.csproj]
d:\Anti\SilkroadAIBot\Core\Data\PK2\Pk2Reader.cs(224,20): warning CS8603: Possible null reference return. [d:\Anti\SilkroadAIBot\SilkroadAIBot.csproj]
d:\Anti\SilkroadAIBot\Core\Data\PK2\Pk2Reader.cs(229,41): warning CS8603: Possible null reference return. [d:\Anti\SilkroadAIBot\SilkroadAIBot.csproj]
d:\Anti\SilkroadAIBot\Core\Models\SRSkill.cs(8,23): warning CS8618: Non-nullable property 'CodeName' must contain a non-null value when exiting constructor. Consider adding the 'required' modifier or declaring the property as nullable. [d:\Anti\SilkroadAIBot\SilkroadAIBot.csproj]
d:\Anti\SilkroadAIBot\Core\Models\SRSkill.cs(9,23): warning CS8618: Non-nullable property 'Name' must contain a non-null value when exiting constructor. Consider adding the 'required' modifier or declaring the property as nullable. [d:\Anti\SilkroadAIBot\SilkroadAIBot.csproj]
d:\Anti\SilkroadAIBot\Core\Models\SRSkill.cs(20,23): warning CS8618: Non-nullable property 'IconPath' must contain a non-null value when exiting constructor. Consider adding the 'required' modifier or declaring the property as nullable. [d:\Anti\SilkroadAIBot\SilkroadAIBot.csproj]
d:\Anti\SilkroadAIBot\Core\Models\SRPlayer.cs(14,23): warning CS8618: Non-nullable property 'GuildName' must contain a non-null value when exiting constructor. Consider adding the 'required' modifier or declaring the property as nullable. [d:\Anti\SilkroadAIBot\SilkroadAIBot.csproj]
d:\Anti\SilkroadAIBot\Core\Models\SREntity.cs(10,23): warning CS8618: Non-nullable property 'Name' must contain a non-null value when exiting constructor. Consider adding the 'required' modifier or declaring the property as nullable. [d:\Anti\SilkroadAIBot\SilkroadAIBot.csproj]
d:\Anti\SilkroadAIBot\Core\Models\SRDrop.cs(12,23): warning CS8618: Non-nullable property 'OwnerName' must contain a non-null value when exiting constructor. Consider adding the 'required' modifier or declaring the property as nullable. [d:\Anti\SilkroadAIBot\SilkroadAIBot.csproj]
d:\Anti\SilkroadAIBot\Core\Data\DataManager.cs(106,36): warning CS8600: Converting null literal or possible null value to non-nullable type. [d:\Anti\SilkroadAIBot\SilkroadAIBot.csproj]
d:\Anti\SilkroadAIBot\Core\Models\SRItem.cs(10,23): warning CS8618: Non-nullable property 'Name' must contain a non-null value when exiting constructor. Consider adding the 'required' modifier or declaring the property as nullable. [d:\Anti\SilkroadAIBot\SilkroadAIBot.csproj]
d:\Anti\SilkroadAIBot\Core\Data\PK2\Pk2Blowfish.cs(174,61): warning CS8603: Possible null reference return. [d:\Anti\SilkroadAIBot\SilkroadAIBot.csproj]
d:\Anti\SilkroadAIBot\Core\Networking\LoginManager.cs(24,16): warning CS8618: Non-nullable field '_username' must contain a non-null value when exiting constructor. Consider adding the 'required' modifier or declaring the field as nullable. [d:\Anti\SilkroadAIBot\SilkroadAIBot.csproj]
d:\Anti\SilkroadAIBot\Core\Networking\LoginManager.cs(24,16): warning CS8618: Non-nullable field '_password' must contain a non-null value when exiting constructor. Consider adding the 'required' modifier or declaring the field as nullable. [d:\Anti\SilkroadAIBot\SilkroadAIBot.csproj]
d:\Anti\SilkroadAIBot\Core\Security\Packet.cs(514,18): warning SYSLIB0001: 'Encoding.UTF7' is obsolete: 'The UTF-7 encoding is insecure and should not be used. Consider using UTF-8 instead.' (https://aka.ms/dotnet-warnings/SYSLIB0001) [d:\Anti\SilkroadAIBot\SilkroadAIBot.csproj]
d:\Anti\SilkroadAIBot\Core\Data\DataManager.cs(136,44): warning CS8600: Converting null literal or possible null value to non-nullable type. [d:\Anti\SilkroadAIBot\SilkroadAIBot.csproj]
d:\Anti\SilkroadAIBot\Core\Networking\ClientlessConnection.cs(120,20): warning CS8603: Possible null reference return. [d:\Anti\SilkroadAIBot\SilkroadAIBot.csproj]
d:\Anti\SilkroadAIBot\Core\Networking\ClientlessConnection.cs(11,27): warning CS8618: Non-nullable field '_client' must contain a non-null value when exiting constructor. Consider adding the 'required' modifier or declaring the field as nullable. [d:\Anti\SilkroadAIBot\SilkroadAIBot.csproj]
d:\Anti\SilkroadAIBot\Core\Networking\ClientlessConnection.cs(12,31): warning CS8618: Non-nullable field '_stream' must contain a non-null value when exiting constructor. Consider adding the 'required' modifier or declaring the field as nullable. [d:\Anti\SilkroadAIBot\SilkroadAIBot.csproj]
d:\Anti\SilkroadAIBot\Core\Networking\ClientlessConnection.cs(13,26): warning CS8618: Non-nullable field '_security' must contain a non-null value when exiting constructor. Consider adding the 'required' modifier or declaring the field as nullable. [d:\Anti\SilkroadAIBot\SilkroadAIBot.csproj]
d:\Anti\SilkroadAIBot\Core\Networking\ClientlessConnection.cs(14,31): warning CS8618: Non-nullable field '_receivedPackets' must contain a non-null value when exiting constructor. Consider adding the 'required' modifier or declaring the field as nullable. [d:\Anti\SilkroadAIBot\SilkroadAIBot.csproj]
d:\Anti\SilkroadAIBot\Core\Networking\ClientlessConnection.cs(17,37): warning CS8618: Non-nullable event 'OnPacketReceived' must contain a non-null value when exiting constructor. Consider adding the 'required' modifier or declaring the event as nullable. [d:\Anti\SilkroadAIBot\SilkroadAIBot.csproj]
d:\Anti\SilkroadAIBot\Core\Networking\ClientlessConnection.cs(18,29): warning CS8618: Non-nullable event 'OnDisconnected' must contain a non-null value when exiting constructor. Consider adding the 'required' modifier or declaring the event as nullable. [d:\Anti\SilkroadAIBot\SilkroadAIBot.csproj]
d:\Anti\SilkroadAIBot\Core\Security\Packet.cs(690,25): warning SYSLIB0001: 'Encoding.UTF7' is obsolete: 'The UTF-7 encoding is insecure and should not be used. Consider using UTF-8 instead.' (https://aka.ms/dotnet-warnings/SYSLIB0001) [d:\Anti\SilkroadAIBot\SilkroadAIBot.csproj]
d:\Anti\SilkroadAIBot\Core\Data\DataManager.cs(203,44): warning CS8600: Converting null literal or possible null value to non-nullable type. [d:\Anti\SilkroadAIBot\SilkroadAIBot.csproj]
d:\Anti\SilkroadAIBot\Core\Data\DataManager.cs(228,88): warning CS8600: Converting null literal or possible null value to non-nullable type. [d:\Anti\SilkroadAIBot\SilkroadAIBot.csproj]
d:\Anti\SilkroadAIBot\Core\Data\DataManager.cs(247,20): warning CS8603: Possible null reference return. [d:\Anti\SilkroadAIBot\SilkroadAIBot.csproj]
d:\Anti\SilkroadAIBot\Core\Data\DataManager.cs(15,27): warning CS8618: Non-nullable field '_mediaPk2' must contain a non-null value when exiting constructor. Consider adding the 'required' modifier or declaring the field as nullable. [d:\Anti\SilkroadAIBot\SilkroadAIBot.csproj]
d:\Anti\SilkroadAIBot\Core\Data\DataManager.cs(16,27): warning CS8618: Non-nullable field '_dataPk2' must contain a non-null value when exiting constructor. Consider adding the 'required' modifier or declaring the field as nullable. [d:\Anti\SilkroadAIBot\SilkroadAIBot.csproj]
d:\Anti\SilkroadAIBot\Core\Security\Packet.cs(836,25): warning SYSLIB0001: 'Encoding.UTF7' is obsolete: 'The UTF-7 encoding is insecure and should not be used. Consider using UTF-8 instead.' (https://aka.ms/dotnet-warnings/SYSLIB0001) [d:\Anti\SilkroadAIBot\SilkroadAIBot.csproj]
d:\Anti\SilkroadAIBot\Core\Security\Packet.cs(835,70): warning CS8604: Possible null reference argument for parameter 's' in 'byte[] Encoding.GetBytes(string s)'. [d:\Anti\SilkroadAIBot\SilkroadAIBot.csproj]
d:\Anti\SilkroadAIBot\Core\Security\Packet.cs(852,46): warning CS8604: Possible null reference argument for parameter 's' in 'byte[] Encoding.GetBytes(string s)'. [d:\Anti\SilkroadAIBot\SilkroadAIBot.csproj]
d:\Anti\SilkroadAIBot\Core\Security\Packet.cs(854,28): warning CS8602: Dereference of a possibly null reference. [d:\Anti\SilkroadAIBot\SilkroadAIBot.csproj]
d:\Anti\SilkroadAIBot\Core\Security\Security.cs(887,32): warning CS8625: Cannot convert null literal to non-nullable reference type. [d:\Anti\SilkroadAIBot\SilkroadAIBot.csproj]
d:\Anti\SilkroadAIBot\Core\Security\Security.cs(890,32): warning CS8625: Cannot convert null literal to non-nullable reference type. [d:\Anti\SilkroadAIBot\SilkroadAIBot.csproj]
d:\Anti\SilkroadAIBot\Core\Security\Security.cs(846,16): warning CS8618: Non-nullable field 'm_current_buffer' must contain a non-null value when exiting constructor. Consider adding the 'required' modifier or declaring the field as nullable. [d:\Anti\SilkroadAIBot\SilkroadAIBot.csproj]
d:\Anti\SilkroadAIBot\Core\Security\Security.cs(846,16): warning CS8618: Non-nullable field 'm_massive_packet' must contain a non-null value when exiting constructor. Consider adding the 'required' modifier or declaring the field as nullable. [d:\Anti\SilkroadAIBot\SilkroadAIBot.csproj]
d:\Anti\SilkroadAIBot\Core\Security\Packet.cs(1264,17): warning CS8604: Possible null reference argument for parameter 'value' in 'void Packet.WriteAscii(string value, int codepage = 949)'. [d:\Anti\SilkroadAIBot\SilkroadAIBot.csproj]
d:\Anti\SilkroadAIBot\Core\Security\Packet.cs(1290,19): warning CS8604: Possible null reference argument for parameter 'value' in 'void Packet.WriteUnicode(string value)'. [d:\Anti\SilkroadAIBot\SilkroadAIBot.csproj]
d:\Anti\SilkroadAIBot\Core\Security\Security.cs(1068,48): warning CS8625: Cannot convert null literal to non-nullable reference type. [d:\Anti\SilkroadAIBot\SilkroadAIBot.csproj]
d:\Anti\SilkroadAIBot\Core\Security\Security.cs(1105,45): warning CS8625: Cannot convert null literal to non-nullable reference type. [d:\Anti\SilkroadAIBot\SilkroadAIBot.csproj]
d:\Anti\SilkroadAIBot\Core\Security\Security.cs(1199,60): warning CS8625: Cannot convert null literal to non-nullable reference type. [d:\Anti\SilkroadAIBot\SilkroadAIBot.csproj]
d:\Anti\SilkroadAIBot\Core\Security\Security.cs(1219,66): warning CS8600: Converting null literal or possible null value to non-nullable type. [d:\Anti\SilkroadAIBot\SilkroadAIBot.csproj]
d:\Anti\SilkroadAIBot\Core\Security\Security.cs(1231,20): warning CS8603: Possible null reference return. [d:\Anti\SilkroadAIBot\SilkroadAIBot.csproj]
d:\Anti\SilkroadAIBot\Core\Security\Security.cs(1238,36): warning CS8600: Converting null literal or possible null value to non-nullable type. [d:\Anti\SilkroadAIBot\SilkroadAIBot.csproj]
d:\Anti\SilkroadAIBot\Core\Security\Security.cs(1247,20): warning CS8603: Possible null reference return. [d:\Anti\SilkroadAIBot\SilkroadAIBot.csproj]
d:\Anti\SilkroadAIBot\UI\MainForm.cs(17,39): warning CS0169: The field 'MainForm._lblXp' is never used [d:\Anti\SilkroadAIBot\SilkroadAIBot.csproj]
d:\Anti\SilkroadAIBot\Core\Data\PK2\Pk2Reader.cs(16,27): warning CS0169: The field 'Pk2Reader._rootFolder' is never used [d:\Anti\SilkroadAIBot\SilkroadAIBot.csproj]
d:\Anti\SilkroadAIBot\Bot\Bundles\AttackBundle.cs(13,22): warning CS0414: The field 'AttackBundle._lastAttackTime' is assigned but its value is never used [d:\Anti\SilkroadAIBot\SilkroadAIBot.csproj]
    122 Warning(s)
    0 Error(s)

Time Elapsed 00:00:09.22
